STEP to UG
! INFO-     NX STEP AP203 - V1926
! INFO-      
! INFO-     Start of Translation: 16-JUN-2023  12:49:25 PM
! INFO-      
! STATUS-   Converting Part: C:\Users\LinKaihong\Dropbox\ILE\Summer\Summer 2023 production file\KiCad\ESP32Sensor-LED_board\ESP32Sensor-LED_board.step
! SUMMARY-   
! SUMMARY-    STEP Header Information
! SUMMARY-   
! SUMMARY-  Description      KiCad electronic assembly
! SUMMARY-  Imp_Level        2;1
! SUMMARY-  File_Name        ESP32Sensor-LED_board.step
! SUMMARY-  Date             2023-06-16T12:34:47
! SUMMARY-  Author           Pcbnew
! SUMMARY-  Organization     Kicad
! SUMMARY-  Pre_Version      Open CASCADE STEP processor 7.6
! SUMMARY-  Orig_System      KiCad to STEP converter
! SUMMARY-  Authorization    Unknown
! SUMMARY-  Schema_ID        automotive_design
! SUMMARY-   
! SUMMARY-    Summary of STEP Entities
! SUMMARY-   
! SUMMARY-  Entity Type                                                   Count
! SUMMARY-  -----------                                                   ------
! SUMMARY-  advanced_brep_shape_representation .........................:      7
! SUMMARY-  advanced_face ..............................................:    962
! SUMMARY-  application_context ........................................:      1
! SUMMARY-  axis1_placement ............................................:     25
! SUMMARY-  axis2_placement_2d .........................................:     74
! SUMMARY-  axis2_placement_3d .........................................:   1344
! SUMMARY-  b_spline_curve_with_knots ..................................:     87
! SUMMARY-  b_spline_curve_with_knots_and_rational_b_spline_curve ......:    174
! SUMMARY-  b_spline_surface_with_knots ................................:     34
! SUMMARY-  cartesian_point ............................................:  13545
! SUMMARY-  circle .....................................................:    386
! SUMMARY-  closed_shell ...............................................:     20
! SUMMARY-  context_dependent_shape_representation .....................:    112
! SUMMARY-  cylindrical_surface ........................................:    118
! SUMMARY-  definitional_representation ................................:   5378
! SUMMARY-  direction ..................................................:  10366
! SUMMARY-  edge_curve .................................................:   2839
! SUMMARY-  edge_loop ..................................................:   1109
! SUMMARY-  ellipse ....................................................:     16
! SUMMARY-  face_bound .................................................:   1109
! SUMMARY-  geometric_representation_context_and_global_uncertainty_a ..:     78
! SUMMARY-  item_defined_transformation ................................:    112
! SUMMARY-  length_unit_and_si_unit ....................................:     78
! SUMMARY-  line .......................................................:   7579
! SUMMARY-  manifold_solid_brep ........................................:     20
! SUMMARY-  manifold_surface_shape_representation ......................:     59
! SUMMARY-  next_assembly_usage_occurrence .............................:    112
! SUMMARY-  open_shell .................................................:     59
! SUMMARY-  oriented_edge ..............................................:   5378
! SUMMARY-  pcurve .....................................................:   5378
! SUMMARY-  plane ......................................................:    785
! SUMMARY-  plane_angle_unit_and_si_unit ...............................:     78
! SUMMARY-  product ....................................................:     78
! SUMMARY-  product_context ............................................:     78
! SUMMARY-  product_definition .........................................:     78
! SUMMARY-  product_definition_context .................................:     78
! SUMMARY-  product_definition_formation ...............................:     78
! SUMMARY-  product_definition_shape ...................................:    190
! SUMMARY-  product_related_product_category ...........................:     78
! SUMMARY-  representation_relationship_with_transformation_and_shape ..:    112
! SUMMARY-  seam_curve .................................................:     58
! SUMMARY-  shape_representation .......................................:     12
! SUMMARY-  shell_based_surface_model ..................................:     59
! SUMMARY-  si_unit_and_solid_angle_unit ...............................:     78
! SUMMARY-  surface_curve ..............................................:   2781
! SUMMARY-  surface_of_revolution ......................................:     25
! SUMMARY-  uncertainty_measure_with_unit ..............................:     78
! SUMMARY-  vector .....................................................:   7579
! SUMMARY-  vertex_point ...............................................:   1988
! SUMMARY-                                                               -------
! SUMMARY-  Total                                                          70850
! STATUS-    
! STATUS-   Converting to Output Form (Phase 2 of 3): 16-JUN-2023 12:49:25 PM
! STATUS-    
! STATUS-    
! STATUS-   Generating UG geometry and placing them in parts
! STATUS-    
! STATUS-   Creating the UG part (Phase 3 of 3): 16-JUN-2023  12:49:26 PM
! INFO-     Filing Part ..: C:\Users\LinKaihong\Dropbox\ILE\Summer\Summer 2023 production file\Casing\ESP32Sensor-LED_board PCB
! SUMMARY-   
! SUMMARY-  Summary of Unigraphics Part Entities
! SUMMARY-   
! SUMMARY-  Entities Processed             Count
! SUMMARY-  ------------------             -----
! SUMMARY-  Solid .......................:     1
! SUMMARY-                                 -----
! SUMMARY-  Total                              1
! STATUS-   Creating the UG part (Phase 3 of 3): 16-JUN-2023  12:49:27 PM
! INFO-     Filing Part ..: C:\Users\LinKaihong\Dropbox\ILE\Summer\Summer 2023 production file\Casing\ESP32Sensor-LED_board.prt
! SUMMARY-   
! SUMMARY-  Summary of Unigraphics Part Entities
! SUMMARY-   
! SUMMARY-  Entities Processed             Count
! SUMMARY-  ------------------             -----
! SUMMARY-  Component ...................:    45
! SUMMARY-                                 -----
! SUMMARY-  Total                             45
! INFO-      
! INFO-     Total number of solids input for this translation       :         1
! INFO-      
! INFO-     Number of solids created without body validation faults :         1
! INFO-      
! INFO-     Number of solids created with body validation fault(s)  :         0
! INFO-      
! INFO-     Number of solids ending up as sheet bodies              :         0
! INFO-      
! INFO-     End of Translation: 16-JUN-2023  12:49:27 PM
! INFO-      
